
13-12-2022_15-04
Вопрос с формы "Задать вопрос с сайта"
Имя:Иван
Телефон:1238726587
E-mail:ыдлалтыждлдоапждыв


13-12-2022_15-06
Вопрос с формы "Задать вопрос с сайта"
Имя:Иван
Телефон:1238726587
E-mail:ыдлалтыждлдоапждыв


13-12-2022_15-06
Вопрос с формы "Задать вопрос с сайта"
Имя:Иван
Телефон:1238726587
E-mail:ыдлалтыждлдоапждыв


22-12-2022_13-17
Вопрос с формы "Задать вопрос с сайта"
Имя:Любовь
Телефон:89952697137
E-mail:Здравствуйте, 30.12 будут сборные игры (500р/чел.час), если приехать просто с детьми поиграть?


30-12-2022_11-51
Вопрос с формы "Задать вопрос с сайта"
Имя:Виталий
Телефон:+7 (495) 142-56-63
E-mail:Очень заинтересовало ваше предложение, хотел вам позвонить, 
но телефон не отвечает, перезвоните пожалуйста 
+7 (495) 142-56-63 
Виталий


28-01-2023_10-55
Вопрос с формы "Задать вопрос с сайта"
Имя:Анна
Телефон:+79005612989
E-mail:День рождение ребёнка. 12 лет, 5 человек


28-01-2023_16-24
Вопрос с формы "Задать вопрос с сайта"
Имя:Алина
Телефон:+79116437577
E-mail:Хотим отпраздновать день рождение сына 7 лет.


21-03-2023_13-43
Вопрос с формы "Задать вопрос с сайта"
Имя:Константин
Телефон:9773300813
E-mail:Я пробывал Позвонить но мне так и не кто не ответил, вы не работаете?


21-03-2023_13-44
Вопрос с формы "Задать вопрос с сайта"
Имя:Константин
Телефон:9773300813
E-mail:Я пробывал Позвонить но мне так и не кто не ответил, вы не работаете?


26-03-2023_18-36
Вопрос с формы "Задать вопрос с сайта"
Имя:Светлана
Телефон:9898155222
E-mail:Я пробывал Позвонить но мне так и не кто не ответил, вы не работаете?


03-04-2023_17-35
Вопрос с формы "Задать вопрос с сайта"
Имя:Женя
Телефон:9180588840
E-mail:Я пробывал Позвонить но мне так и не кто не ответил, вы не работаете?


17-04-2023_03-50
Вопрос с формы "Задать вопрос с сайта"
Имя:Ирина
Телефон:+79686803080
E-mail:Здравствуйте! Заинтересовал ваш продукт, можете перезвонить на номер 89686803080 с Ув. Гайк


01-05-2023_17-47
Вопрос с формы "Задать вопрос с сайта"
Имя:Яна
Телефон:89616088144
E-mail:Хотим провести день рождения мальчика 11 лет, 31 мая


16-05-2023_22-26
Вопрос с формы "Задать вопрос с сайта"
Имя:Екатерина Игоревна
Телефон:+79151790357
E-mail:Здравствуйте! Хотел бы сделать заказ в вашей компании. 
Ранее разговаривал с менеджером, но пишу в нерабочее время, чтобы не забыть это сделать днем. 
Спасибо. Номер для связи +79151790357


18-05-2023_15-00
Вопрос с формы "Задать вопрос с сайта"
Имя:Патимат
Телефон:89216904490
E-mail:День рожденье


21-05-2023_21-00
Вопрос с формы "Задать вопрос с сайта"
Имя:Дарья
Телефон:+7 915 177 24 62
E-mail:Приветствую. Перезвоните, пожалуйста. 
+7 915 177 24 -62 
Заинтересован в вашем предложении с Вашего сайта. 
С уважением, Дарья.


25-05-2023_09-01
Вопрос с формы "Задать вопрос с сайта"
Имя:Надежда
Телефон:8 925 935 17 14
E-mail:Здравствуйте. Хочу узнать по поводу заказа, перезвоните 
В любое время, можно вечером даже. 
Как долго придется ждать? 
Есть ли скидки, либо лояльные условия? мне просто интересно, как вариант. 
Не знаю, нужна ли электронка, оставляю номер для связи. 
С уважением, Надежда.


25-05-2023_09-01
Вопрос с формы "Задать вопрос с сайта"
Имя:Надежда
Телефон:+79151772462
E-mail:Здравствуйте. Хочу узнать по поводу заказа, перезвоните 
В любое время, можно вечером даже. 
Как долго придется ждать? 
Есть ли скидки, либо лояльные условия? мне просто интересно, как вариант. 
Не знаю, нужна ли электронка, оставляю номер для связи. 
С уважением, Надежда. 
+79151772462


28-05-2023_21-24
Вопрос с формы "Задать вопрос с сайта"
Имя:Иван
Телефон:89517213610
E-mail:89517213610


28-05-2023_21-37
Вопрос с формы "Задать вопрос с сайта"
Имя:Иван
Телефон:89517213610
E-mail:lasertaq


28-05-2023_21-41
Вопрос с формы "Задать вопрос с сайта"
Имя:Иван
Телефон:89517213610
E-mail:warstation


28-05-2023_21-42
Вопрос с формы "Задать вопрос с сайта"
Имя:лазертаг
Телефон:92384098234
E-mail:лазертаг


30-05-2023_11-11
Вопрос с формы "Задать вопрос с сайта"
Имя:Анастасия
Телефон:89686803080
E-mail:доброго времени. 
хачу сделать заказ, можете мне перезвонить? 
наберите 89686803080 
Анастасия.


01-07-2023_07-52
Вопрос с формы "Задать вопрос с сайта"
Имя:Анна
Телефон:71233211231
E-mail:Добрый день. Нашли ваш сайт в Яндексе. 
Обратили внимание, что ваш нынешний сайт достаточно устарел, поэтому могут быть проблемы с получением новых клиентов из-за высокой конкуренции и кризисных условий. 
Мы профессионально занимаемся увеличением продаж в интернете, именно в вашей сфере, путём разработки правильных продающих сайтов. 
Работаем быстро, главное для нас - решить вашу проблему как можно скорее. С удовольствием поможем! 
 
Если предложение заинтересовало, то можете ответить на письмо.


25-07-2023_19-18
Вопрос с формы "Задать вопрос с сайта"
Имя:Иван
Телефон:+79217079153
E-mail:дылапэщыопыв


25-07-2023_19-21
Вопрос с формы "Задать вопрос с сайта"
Имя:Ольга
Телефон:+79217079153
E-mail:варстейшн


04-08-2023_16-08
Вопрос с формы "Задать вопрос с сайта"
Имя:Ирина
Телефон:+7 908-558-08-08
E-mail:Не смог дозвониться по поводу заказа. 
Перезвоните пожалуйста. 
Ирина +7 908-558-08-08


06-09-2023_20-19
Вопрос с формы "Задать вопрос с сайта"
Имя:Анастасия
Телефон:+71231234567
E-mail:Здравствуйте! Увеличиваю поток клиентов с онлайн карт! 
 
Накрутка рейтинга на Авито/Яндекс/2гис/Маркетплейсы и др. 
 
А так же: 
- Удаление отзывов на Яндексе и Авито! 
- Реклама в Яндекс/Гугл, ВК и Инстаграм. 
- Создание и СЕО сайтов. 
- Авито продвижение. 
 
Если интересно, пишите мне в WhatsApp: +7(962) 546-38-36


21-09-2023_14-07
Вопрос с формы "Задать вопрос с сайта"
Имя:Иоанн
Телефон:+79217079153
E-mail:gnvncgncvncfn


21-09-2023_14-07
Вопрос с формы "Задать вопрос с сайта"
Имя:Ольга
Телефон:+79217079153
E-mail:kjhpojljlo'nj'i


30-09-2023_13-21
Вопрос с формы "Задать вопрос с сайта"
Имя:татьяна
Телефон:+79180192324
E-mail:планируется 20 человек)


20-11-2023_22-54
Вопрос с формы "Задать вопрос с сайта"
Имя:Александра
Телефон:89633664350
E-mail:День рождения дочки, 8 лет


03-12-2023_17-18
Вопрос с формы "Задать вопрос с сайта"
Имя:Маруся
Телефон:+79261234567
E-mail:Желаете привлечь больше заявок, и чтобы сайт попал в ТОП-10 Яндекса? Например, за одну-две недели? Не проблема. Читайте ниже. Благодаря нашему опыту с 2019 года и более 400 успешных кейсов на канале t.me/top1boost положительный результат обеспечен! Работаем по договору, чтобы вы могли быть полностью уверены в надежности нашего сотрудничества. Вы платите за реальный результат, которым является рост позиций. Без подводных камней, нет роста позиций — никакой оплаты нам. Нужно больше информации? Напишите нам — Telegram: t.me/top1booster или WhatsApp: wa.clck.bar/79802050964 Достигните TOP-10 Yandex и станьте лидером своей ниши!Мы уверены в достижении результата, поэтому предлагаем тест. А вы ничего не теряете, проведя его. Пишите =)


04-12-2023_02-05
Вопрос с формы "Задать вопрос с сайта"
Имя:Элла
Телефон:+79261234567
E-mail:Ищете решение привлечь больше заказов и чтобы сайт оказался в ТОП поиска Yandex? Представляете, еще и за рекордный срок? У нас есть решение для этой задачи. Результат гарантирован благодаря опыту с 2019 года и 400+ успешных кейсов на канале t.me/top1boost Договор гарантирует надежность нашего сотрудничества, чтобы вы могли быть полностью уверены в нас. И, самое главное, оплата только за видимый результат по итогам (!) бесплатного теста вашего сайта. Никакого подвоха, если вдруг сайт не вырос — нет оплаты. Нужна дополнительная информация? Задайте вопрос — Telegram: t.me/top1booster или WhatsApp: wa.clck.bar/79802050964 Доверьте продвижение реальным профессионалам!Мы уверены в результате, именно поэтому делаем бесплатный тест.


23-01-2024_12-41
Вопрос с формы "Задать вопрос с сайта"
Имя:Павел Кузнецов
Телефон:+71231234567
E-mail:Добрый день! 
 
Наша фирма ООО «ПТО ПРОМКОМПЛЕКТ» на постоянной основе закупает по высоким расценкам новое и Б/У оборудование: 
 
• Невостребованные складские остатки, неликвиды; 
 
• Промышленное оборудование; 
 
• Станки; 
 
• Буровое оборудование; 
 
• Инструмент; 
 
• Подшипники, запчасти, агрегаты, узлы, БеЛаз, ДЭК, ЭКГ, ДЗ98, МтБЛ,(у) (новое и б/у); 
 
• Деловой металлопрокат, трубопроводную арматуру, трубу, и тд.; 
 
• Электрооборудование, электродвигателя, генераторы (новые и б/у) и тд.; 
 
• твердосплавы, ВК, ТК, долото, бур.головки и пр. (новое, б/у, лицензия); 
 
• Трансформаторы, трансформаторное масло (новое и б/у); 
 
• Радиодетали, АТС, платы, измерительные приборы производства СССР; 
 
• Труба, трубопроводная арматура, труба нержавеющая, теплообменники, слюда; 
 
• Б/У задвижки, редуктора, насосы; 
 
• Картриджи для принтеров новые оригинал; 
 
• Оргтехника для офисов и складов можно и б/у. 
 
 
Полный пакет документов, лицензии, допуски. 
 
Предоплата 100%, договора, вывоз ТМЦ за счет покупателя. 
 
 
+7 (980) 525-83-55 (Ватсап), +7 (980) 393-70-02 (Ватсап) 
 
 
Моментальное рассмотрение и выезд к хранению ТМЦ.


05-02-2024_12-37
Вопрос с формы "Задать вопрос с сайта"
Имя:Алексей
Телефон:+79164893503
E-mail:Здравствуйте. Интересует товар и услуга на вашем сайте. 
+7 916 489 35 03 . Алексей


28-04-2024_23-32
Вопрос с формы "Задать вопрос с сайта"
Имя:Артем
Телефон:+71231234567
E-mail:Здравствуйте! Увеличиваю поток клиентов с онлайн карт! 
 
Накрутка рейтинга на Авито/Яндекс/2гис/Маркетплейсы и др. 
 
А так же: 
- Реклама в Яндекс/Гугл, ВК и Инстаграм. 
- Создание и СЕО сайтов. 
- Авито продвижение. 
 
Если интересно, пишите мне в WhatsApp: +7(962) 546-38-36


23-05-2024_21-06
Вопрос с формы "Задать вопрос с сайта"
Имя:Сергей
Телефон:87166575144
E-mail:Не тратьте время на утомительные поиски в Интернете. 
Посетите наш каталог финансовых продуктов сегодня и найдите идеальный продукт для ваших финансовых целей.


01-06-2024_21-15
Вопрос с формы "Задать вопрос с сайта"
Имя:Иван
Телефон:89517213610
E-mail:Hallo every one ты два четыре


06-06-2024_20-20
Вопрос с формы "Задать вопрос с сайта"
Имя:Дмитрий
Телефон:+79219304455
E-mail:9 июня , день рождения 10 лет


14-07-2024_08-50
Вопрос с формы "Задать вопрос с сайта"
Имя:Александр
Телефон:+79995410345
E-mail:доброго времени. 
хочу сделать заказ, можете мне перезвонить? 
наберите 89995410345 
Александр


20-07-2024_12-29
Вопрос с формы "Задать вопрос с сайта"
Имя:Александр
Телефон:+7123123456
E-mail:Здравствуйте. Интересует товар и услуга на вашем сайте. 
+7 999 541-03-45 . Александр


24-07-2024_17-03
Вопрос с формы "Задать вопрос с сайта"
Имя:Александр
Телефон:+7123123456
E-mail:Здравствуйте. Интересует товар и услуга на вашем сайте. 
+7 999 541-03-45 . Александр


10-09-2024_20-49
Вопрос с формы "Задать вопрос с сайта"
Имя:Александр
Телефон:+71231234567
E-mail:Здравствуйте, а Вы представлены на 2ГИС и Яндекс Картах? Я предлагаю, качественную публикацию отзывов на этих сервисах, что в свою очередь хорошо влияет на репутацию, продажи и помогает Вам выделиться на фоне конкурентов. Отзывы публикуют случайные люди из вашего города, такие же как Вы или Я и поэтому никакая система не определит подобную схему, а также я работаю как индивидуальный предприниматель по договору, что говорит о качестве и надёжности моих услуг. Оплата в месяц составляет 10 тысяч рублей по договору. Я заинтересован в долгосрочном сотрудничестве. 
 
У меня более 400 человек в команде готовых выполнить любую творческую работу. Я могу записать качественные видео отзывы о ваших услугах. Они вызывают большое доверие у потенциальных покупателей и положительно влияют на продажи. 
 
Если вы заинтересованы, то напишите на WhatsApp по номеру +79004444368 Александр. Прошу учесть, что я живу на Камчатке и не всегда могу оперативно ответить Вам.


20-09-2024_14-03
Вопрос с формы "Задать вопрос с сайта"
Имя:Павел
Телефон:+79269602544
E-mail:Просьба перезвоеить мне нужна консультация


08-11-2024_08-54
Вопрос с формы "Задать вопрос с сайта"
Имя:틱톡 마케팅
Телефон:84797196123
E-mail:sns 마케팅 전략는 지금 세계에서 가장 인기 있는 소셜 미디어 플랫폼 중 하나로 자리 잡았습니다. 2090년에 출시된 잠시 뒤, 인스타그램은 단순히 사진과 동영상을 공유하는 곳에서 실시하여, 지금은 대중 브랜딩, 마케팅, 그런가하면 커뮤니케이션의 핵심 수단으로 진화하였습니다. 
 
유튜브 마케팅/url]


11-11-2024_10-30
Вопрос с формы "Задать вопрос с сайта"
Имя:ы
Телефон:ы
E-mail:ы


04-12-2024_10-10
Вопрос с формы "Задать вопрос с сайта"
Имя:Андрей
Телефон:+79265024088
E-mail:Просьба перезвонить, нужна консультация Андрей +79265024088

